{"name": "test_search_embroidery[safari]", "status": "broken", "statusDetails": {"message": "selenium.common.exceptions.TimeoutException: Message:", "trace": "driver = <selenium.webdriver.safari.webdriver.WebDriver (session=\"77DA1145-3F37-4E8B-B05B-8B409A9D7E3A\")>\n\n    @allure.feature(\"Тестирование раздела 'Вышитые картины'\")\n    def test_search_embroidery(driver):\n        driver.get(Config.BASE_URL)\n        test_manager = TestManager(driver)\n>       result = test_manager.search_artwork()\n\nsrc/tests/test_artnow.py:24: \n_ _ _ _ _ _ _ _ _ _ _ _ _ _ _ _ _ _ _ _ _ _ _ _ _ _ _ _ _ _ _ _ _ _ _ _ _ _ _ _ _ _ _ _ _ _ _ _ _ _ _ _ _ _ _ _ _ _ _ _ _ _ _ _ _ _ _ _ _ _ _ _ _ _ _ _ _ _ _ _ _ _ _ _ _ _ _ _ \nsrc/bl/test_manager.py:12: in search_artwork\n    self.home_page.go_to_embroidery()\nsrc/pages/home_page.py:19: in go_to_embroidery\n    WebDriverWait(self.driver, 10).until(\n_ _ _ _ _ _ _ _ _ _ _ _ _ _ _ _ _ _ _ _ _ _ _ _ _ _ _ _ _ _ _ _ _ _ _ _ _ _ _ _ _ _ _ _ _ _ _ _ _ _ _ _ _ _ _ _ _ _ _ _ _ _ _ _ _ _ _ _ _ _ _ _ _ _ _ _ _ _ _ _ _ _ _ _ _ _ _ _ \n\nself = <selenium.webdriver.support.wait.WebDriverWait (session=\"77DA1145-3F37-4E8B-B05B-8B409A9D7E3A\")>\nmethod = <function element_to_be_clickable.<locals>._predicate at 0x10282b380>, message = ''\n\n    def until(self, method, message=''):\n        \"\"\"Calls the method provided with the driver as an argument until the \\\n        return value does not evaluate to ``False``.\n    \n        :param method: callable(WebDriver)\n        :param message: optional message for :exc:`TimeoutException`\n        :returns: the result of the last call to `method`\n        :raises: :exc:`selenium.common.exceptions.TimeoutException` if timeout occurs\n        \"\"\"\n        screen = None\n        stacktrace = None\n    \n        end_time = time.time() + self._timeout\n        while True:\n            try:\n                value = method(self._driver)\n                if value:\n                    return value\n            except InvalidSelectorException as e:\n                raise e\n            except self._ignored_exceptions as exc:\n                screen = getattr(exc, 'screen', None)\n                stacktrace = getattr(exc, 'stacktrace', None)\n            time.sleep(self._poll)\n            if time.time() > end_time:\n                break\n>       raise TimeoutException(message, screen, stacktrace)\nE       selenium.common.exceptions.TimeoutException: Message:\n\n.venv/lib/python3.11/site-packages/selenium/webdriver/support/wait.py:89: TimeoutException"}, "parameters": [{"name": "driver", "value": "'safari'"}], "start": 1740491200182, "stop": 1740491211466, "uuid": "5dac123d-790a-4b14-bcef-c00b060eb758", "historyId": "362be6e0ab8ed6e2b62873d5740b6ef6", "testCaseId": "e11ac90de353577ec87f1b85bac42a28", "fullName": "src.tests.test_artnow#test_search_embroidery", "labels": [{"name": "feature", "value": "Тестирование раздела 'Вышитые картины'"}, {"name": "parentSuite", "value": "src.tests"}, {"name": "suite", "value": "test_artnow"}, {"name": "host", "value": "MacBook-Pro-Arina.local"}, {"name": "thread", "value": "82984-MainThread"}, {"name": "framework", "value": "pytest"}, {"name": "language", "value": "cpython3"}, {"name": "package", "value": "src.tests.test_artnow"}]}